0 info it worked if it ends with ok
1 verbose cli [ 'C:\\Program Files\\nodejs\\node.exe',
1 verbose cli   'C:\\Program Files\\nodejs\\node_modules\\npm\\bin\\npm-cli.js',
1 verbose cli   'run',
1 verbose cli   'test' ]
2 info using npm@3.10.10
3 info using node@v6.10.1
4 verbose run-script [ 'pretest', 'test', 'posttest' ]
5 info lifecycle gunjan@1.0.0~pretest: gunjan@1.0.0
6 silly lifecycle gunjan@1.0.0~pretest: no script for pretest, continuing
7 info lifecycle gunjan@1.0.0~test: gunjan@1.0.0
8 verbose lifecycle gunjan@1.0.0~test: unsafe-perm in lifecycle true
9 verbose lifecycle gunjan@1.0.0~test: PATH: C:\Program Files\nodejs\node_modules\npm\bin\node-gyp-bin;D:\Gunjan\MY_WORKSPACE\MongoDBTutorial\node_modules\.bin;C:\Program Files (x86)\Intel\iCLS Client\;C:\Program Files\Intel\iCLS Client\;C:\WINDOWS\system32;C:\WINDOWS;C:\WINDOWS\System32\Wbem;C:\WINDOWS\System32\WindowsPowerShell\v1.0\;c:\Program Files (x86)\ATI Technologies\ATI.ACE\Core-Static;C:\Program Files (x86)\Intel\Intel(R) Management Engine Components\DAL;C:\Program Files\Intel\Intel(R) Management Engine Components\DAL;C:\Program Files (x86)\Intel\Intel(R) Management Engine Components\IPT;C:\Program Files\Intel\Intel(R) Management Engine Components\IPT;C:\Program Files\Intel\WiFi\bin\;C:\Program Files\Common Files\Intel\WirelessCommon\;C:\Program Files\Java\jdk1.7.0_80\lib;C:\Program Files\Java\jdk1.7.0_80\bin;C:\Program Files\nodejs\;C:\Program Files\Git\cmd;C:\Users\Gunjan Shah\AppData\Local\Microsoft\WindowsApps;C:\Users\Gunjan Shah\AppData\Roaming\npm
10 verbose lifecycle gunjan@1.0.0~test: CWD: D:\Gunjan\MY_WORKSPACE\MongoDBTutorial
11 silly lifecycle gunjan@1.0.0~test: Args: [ '/d /s /c', 'nodemon --exec mocha' ]
12 silly lifecycle gunjan@1.0.0~test: Returned: code: 3221225786  signal: null
13 info lifecycle gunjan@1.0.0~test: Failed to exec test script
14 verbose stack Error: gunjan@1.0.0 test: `nodemon --exec mocha`
14 verbose stack Exit status 3221225786
14 verbose stack     at EventEmitter.<anonymous> (C:\Program Files\nodejs\node_modules\npm\lib\utils\lifecycle.js:255:16)
14 verbose stack     at emitTwo (events.js:106:13)
14 verbose stack     at EventEmitter.emit (events.js:191:7)
14 verbose stack     at ChildProcess.<anonymous> (C:\Program Files\nodejs\node_modules\npm\lib\utils\spawn.js:40:14)
14 verbose stack     at emitTwo (events.js:106:13)
14 verbose stack     at ChildProcess.emit (events.js:191:7)
14 verbose stack     at maybeClose (internal/child_process.js:886:16)
14 verbose stack     at Process.ChildProcess._handle.onexit (internal/child_process.js:226:5)
15 verbose pkgid gunjan@1.0.0
16 verbose cwd D:\Gunjan\MY_WORKSPACE\MongoDBTutorial
17 error Windows_NT 10.0.14393
18 error argv "C:\\Program Files\\nodejs\\node.exe" "C:\\Program Files\\nodejs\\node_modules\\npm\\bin\\npm-cli.js" "run" "test"
19 error node v6.10.1
20 error npm  v3.10.10
21 error code ELIFECYCLE
22 error gunjan@1.0.0 test: `nodemon --exec mocha`
22 error Exit status 3221225786
23 error Failed at the gunjan@1.0.0 test script 'nodemon --exec mocha'.
23 error Make sure you have the latest version of node.js and npm installed.
23 error If you do, this is most likely a problem with the gunjan package,
23 error not with npm itself.
23 error Tell the author that this fails on your system:
23 error     nodemon --exec mocha
23 error You can get information on how to open an issue for this project with:
23 error     npm bugs gunjan
23 error Or if that isn't available, you can get their info via:
23 error     npm owner ls gunjan
23 error There is likely additional logging output above.
24 verbose exit [ 1, true ]
